
Showing logs for build [32mcb-kubecd-environment-pr-237-7-7w7g2-1[0m stage [32mfrom-build-pack[0m and container [32mstep-credential-initializer-hhhhm[0m
{"level":"info","ts":1592563259.6559944,"logger":"fallback-logger","caller":"logging/config.go:69","msg":"Fetch GitHub commit ID from kodata failed: open /var/run/ko/refs/heads/0.8.0-ns-support: no such file or directory"}
{"level":"info","ts":1592563259.656244,"logger":"fallback-logger","caller":"creds-init/main.go:40","msg":"Credentials initialized."}

Showing logs for build [32mcb-kubecd-environment-pr-237-7-7w7g2-1[0m stage [32mfrom-build-pack[0m and container [32mstep-working-dir-initializer-cqmsk[0m
{"level":"info","ts":1592563260.1708207,"logger":"fallback-logger","caller":"logging/config.go:69","msg":"Fetch GitHub commit ID from kodata failed: open /var/run/ko/HEAD: no such file or directory"}
{"level":"info","ts":1592563260.1763427,"logger":"fallback-logger","caller":"bash/main.go:64","msg":"Successfully executed command \"sh -c mkdir -p /workspace/source\"; output "}

Showing logs for build [32mcb-kubecd-environment-pr-237-7-7w7g2-1[0m stage [32mfrom-build-pack[0m and container [32mstep-place-tools[0m

Showing logs for build [32mcb-kubecd-environment-pr-237-7-7w7g2-1[0m stage [32mfrom-build-pack[0m and container [32mstep-git-source-cb-kubecd-environment-pr-237-7-7w7g2-8rpth[0m
{"level":"info","ts":1592563263.2482526,"logger":"fallback-logger","caller":"logging/config.go:69","msg":"Fetch GitHub commit ID from kodata failed: open /var/run/ko/refs/heads/0.8.0-ns-support: no such file or directory"}
{"level":"info","ts":1592563263.4566772,"logger":"fallback-logger","caller":"git/git.go:103","msg":"Successfully cloned https://github.com/cb-kubecd/environment-pr-237-7-boot-eks-production.git @ master in path /workspace/source"}

Showing logs for build [32mcb-kubecd-environment-pr-237-7-7w7g2-1[0m stage [32mfrom-build-pack[0m and container [32mstep-git-merge[0m
Using SHAs from PULL_REFS=master:9a7fb823a051b0dd7df4647576d34dd2442a1079,1:a835229c89f52d545632301f17b86401e59f1d23
DEBUG: LC_ALL=C JX_LOG_LEVEL=error git fetch origin --unshallow a835229c89f52d545632301f17b86401e59f1d23: 9a7fb823a051b0dd7df4647576d34dd2442a1079:
DEBUG: ran git fetch --unshallow origin a835229c89f52d545632301f17b86401e59f1d23: 9a7fb823a051b0dd7df4647576d34dd2442a1079: in 
DEBUG: LC_ALL=C JX_LOG_LEVEL=error git branch
DEBUG: JX_LOG_LEVEL=error LC_ALL=C git checkout master
DEBUG: ran git checkout master in 
DEBUG: LC_ALL=C JX_LOG_LEVEL=error git reset --hard 9a7fb823a051b0dd7df4647576d34dd2442a1079
DEBUG: ran git reset --hard 9a7fb823a051b0dd7df4647576d34dd2442a1079 in 
DEBUG: LC_ALL=C JX_LOG_LEVEL=error git clean -fd .
DEBUG: ran clean --force -d . in 
DEBUG: LC_ALL=C JX_LOG_LEVEL=error git merge a835229c89f52d545632301f17b86401e59f1d23
DEBUG: ran git merge a835229c89f52d545632301f17b86401e59f1d23 in 
DEBUG: LC_ALL=C JX_LOG_LEVEL=error git log --format=%H%x1f%an%x1f%ae%x1f%cn%x1f%ce%x1f%s%n%b%x1e 9a7fb823a051b0dd7df4647576d34dd2442a1079..HEAD
Merged SHA a835229c89f52d545632301f17b86401e59f1d23 with commit message 'chore: Promote bdd-spring-1592561607 to version 0.0.1' into base branch master

Showing logs for build [32mcb-kubecd-environment-pr-237-7-7w7g2-1[0m stage [32mfrom-build-pack[0m and container [32mstep-build-helm-build[0m
WARNING: No $CHART_REPOSITORY defined so using the default value of: http://jenkins-x-chartmuseum:8080
Adding missing Helm repo: storage.googleapis.com https://storage.googleapis.com/chartmuseum.jenkins-x.io
WARNING: No secrets found on "helm/repos" due: reading the secret "helm/repos" from vault: no secret "helm/repos" not found in vault
Read credentials for https://storage.googleapis.com/chartmuseum.jenkins-x.io from vault helm/repos
Successfully added Helm repository storage.googleapis.com.
Adding missing Helm repo: jenkins-x-chartmuseum http://jenkins-x-chartmuseum:8080
WARNING: No secrets found on "helm/repos" due: reading the secret "helm/repos" from vault: no secret "helm/repos" not found in vault
Read credentials for http://jenkins-x-chartmuseum:8080 from vault helm/repos
Successfully added Helm repository jenkins-x-chartmuseum.
WARNING: No $CHART_REPOSITORY defined so using the default value of: http://jenkins-x-chartmuseum:8080
Adding missing Helm repo: chartmuseum.jenkins-x.io http://chartmuseum.jenkins-x.io
WARNING: No secrets found on "helm/repos" due: reading the secret "helm/repos" from vault: no secret "helm/repos" not found in vault
Read credentials for http://chartmuseum.jenkins-x.io from vault helm/repos
Successfully added Helm repository chartmuseum.jenkins-x.io.
